<?xml version="1.0" encoding="UTF-8"?>
<robot generator="Robot 3.2.2 (Python 3.9.1 on win32)" generated="20210218 15:52:36.269" rpa="false">
<suite id="s1" name="GoogleSearch" source="C:\Users\djagga\Documents\TMap\TestAutomation with RobotFramework\Tests\Google\FunctionalTestSuite\GoogleSearch.robot">
<test id="s1-t1" name="Search for a particular querey on Google Search">
<kw name="Open Browser" library="SeleniumLibrary">
<doc>Opens a new browser instance to the optional ``url``.</doc>
<arguments>
<arg>https://www.google.com</arg>
<arg>chrome</arg>
</arguments>
<msg timestamp="20210218 15:52:36.664" level="INFO">Opening browser 'chrome' to base url 'https://www.google.com'.</msg>
<status status="PASS" starttime="20210218 15:52:36.664" endtime="20210218 15:52:38.774"></status>
</kw>
<kw name="Set Browser Implicit Wait" library="SeleniumLibrary">
<doc>Sets the implicit wait value used by Selenium.</doc>
<arguments>
<arg>5</arg>
</arguments>
<status status="PASS" starttime="20210218 15:52:38.774" endtime="20210218 15:52:38.776"></status>
</kw>
<kw name="Input Text" library="SeleniumLibrary">
<doc>Types the given ``text`` into the text field identified by ``locator``.</doc>
<arguments>
<arg>name=q</arg>
<arg>Automation using Robot Framework</arg>
</arguments>
<msg timestamp="20210218 15:52:38.777" level="INFO">Typing text 'Automation using Robot Framework' into text field 'name=q'.</msg>
<status status="PASS" starttime="20210218 15:52:38.776" endtime="20210218 15:52:39.051"></status>
</kw>
<kw name="Sleep" library="BuiltIn">
<doc>Pauses the test executed for the given time.</doc>
<arguments>
<arg>2</arg>
</arguments>
<msg timestamp="20210218 15:52:41.058" level="INFO">Slept 2 seconds</msg>
<status status="PASS" starttime="20210218 15:52:39.051" endtime="20210218 15:52:41.058"></status>
</kw>
<kw name="Press Keys" library="SeleniumLibrary">
<doc>Simulates the user pressing key(s) to an element or on the active browser.</doc>
<arguments>
<arg>name=q</arg>
<arg>ENTER</arg>
</arguments>
<msg timestamp="20210218 15:52:41.059" level="INFO">Sending key(s) ('ENTER',) to name=q element.</msg>
<msg timestamp="20210218 15:52:41.353" level="INFO">Pressing special key ENTER to element.</msg>
<msg timestamp="20210218 15:52:41.353" level="INFO">Releasing special key ENTER.</msg>
<status status="PASS" starttime="20210218 15:52:41.059" endtime="20210218 15:52:42.212"></status>
</kw>
<kw name="Sleep" library="BuiltIn">
<doc>Pauses the test executed for the given time.</doc>
<arguments>
<arg>5</arg>
</arguments>
<msg timestamp="20210218 15:52:47.226" level="INFO">Slept 5 seconds</msg>
<status status="PASS" starttime="20210218 15:52:42.212" endtime="20210218 15:52:47.226"></status>
</kw>
<kw name="Close Browser" library="SeleniumLibrary">
<doc>Closes the current browser.</doc>
<status status="PASS" starttime="20210218 15:52:47.227" endtime="20210218 15:52:49.527"></status>
</kw>
<kw name="Log" library="BuiltIn">
<doc>Logs the given message with the given level.</doc>
<arguments>
<arg>Test-1 Completed</arg>
</arguments>
<msg timestamp="20210218 15:52:49.528" level="INFO">Test-1 Completed</msg>
<status status="PASS" starttime="20210218 15:52:49.528" endtime="20210218 15:52:49.528"></status>
</kw>
<doc>Google Test</doc>
<tags>
<tag>functional</tag>
</tags>
<status status="PASS" starttime="20210218 15:52:36.663" endtime="20210218 15:52:49.529" critical="yes"></status>
</test>
<test id="s1-t2" name="Login Test">
<kw name="Open Browser" library="SeleniumLibrary">
<doc>Opens a new browser instance to the optional ``url``.</doc>
<arguments>
<arg>https://mail.yahoo.com</arg>
<arg>chrome</arg>
</arguments>
<msg timestamp="20210218 15:52:49.531" level="INFO">Opening browser 'chrome' to base url 'https://mail.yahoo.com'.</msg>
<status status="PASS" starttime="20210218 15:52:49.530" endtime="20210218 15:52:52.009"></status>
</kw>
<kw name="Set Browser Implicit Wait" library="SeleniumLibrary">
<doc>Sets the implicit wait value used by Selenium.</doc>
<arguments>
<arg>5</arg>
</arguments>
<status status="PASS" starttime="20210218 15:52:52.010" endtime="20210218 15:52:52.012"></status>
</kw>
<kw name="Input Text" library="SeleniumLibrary">
<doc>Types the given ``text`` into the text field identified by ``locator``.</doc>
<arguments>
<arg>id=login-username</arg>
<arg>robotfwtestman</arg>
</arguments>
<msg timestamp="20210218 15:52:52.012" level="INFO">Typing text 'robotfwtestman' into text field 'id=login-username'.</msg>
<status status="PASS" starttime="20210218 15:52:52.012" endtime="20210218 15:52:52.106"></status>
</kw>
<kw name="Click Button" library="SeleniumLibrary">
<doc>Clicks the button identified by ``locator``.</doc>
<arguments>
<arg>id=login-signin</arg>
</arguments>
<msg timestamp="20210218 15:52:52.106" level="INFO">Clicking button 'id=login-signin'.</msg>
<status status="PASS" starttime="20210218 15:52:52.106" endtime="20210218 15:52:52.170"></status>
</kw>
<kw name="Input Password" library="SeleniumLibrary">
<doc>Types the given password into the text field identified by ``locator``.</doc>
<arguments>
<arg>id=login-passwd</arg>
<arg>selenium123</arg>
</arguments>
<msg timestamp="20210218 15:52:52.171" level="INFO">Typing password into text field 'id=login-passwd'.</msg>
<msg timestamp="20210218 15:52:52.780" level="INFO">Temporally setting log level to: NONE</msg>
<msg timestamp="20210218 15:52:52.814" level="INFO">Log level changed from NONE to INFO.</msg>
<status status="PASS" starttime="20210218 15:52:52.171" endtime="20210218 15:52:52.814"></status>
</kw>
<kw name="Click Button" library="SeleniumLibrary">
<doc>Clicks the button identified by ``locator``.</doc>
<arguments>
<arg>id=login-signin</arg>
</arguments>
<msg timestamp="20210218 15:52:52.815" level="INFO">Clicking button 'id=login-signin'.</msg>
<status status="PASS" starttime="20210218 15:52:52.814" endtime="20210218 15:52:55.896"></status>
</kw>
<kw name="Log" library="BuiltIn">
<doc>Logs the given message with the given level.</doc>
<arguments>
<arg>Test-2 Completed</arg>
</arguments>
<msg timestamp="20210218 15:52:55.897" level="INFO">Test-2 Completed</msg>
<status status="PASS" starttime="20210218 15:52:55.897" endtime="20210218 15:52:55.897"></status>
</kw>
<doc>Yahoo Mail Login Test</doc>
<tags>
<tag>functional</tag>
</tags>
<status status="PASS" starttime="20210218 15:52:49.530" endtime="20210218 15:52:55.898" critical="yes"></status>
</test>
<status status="PASS" starttime="20210218 15:52:36.272" endtime="20210218 15:52:55.900"></status>
</suite>
<statistics>
<total>
<stat pass="2" fail="0">Critical Tests</stat>
<stat pass="2" fail="0">All Tests</stat>
</total>
<tag>
<stat pass="2" fail="0">functional</stat>
</tag>
<suite>
<stat pass="2" fail="0" id="s1" name="GoogleSearch">GoogleSearch</stat>
</suite>
</statistics>
<errors>
</errors>
</robot>
